<?xml version="1.0" encoding="UTF-8"?>
<!-- Generated by org.testng.reporters.JUnitReportReporter -->
<testsuite hostname="Mujiayitis-MBP" failures="0" tests="1" name="selenium.practice.Leetcode" time="0.028" errors="0" timestamp="2024-09-09T18:23:23 EDT" skipped="0">
  <testcase classname="selenium.practice.Leetcode" name="dateAndTimeTest" time="0.028"/>
</testsuite> <!-- selenium.practice.Leetcode -->
