<?xml version="1.0" encoding="UTF-8"?>
<!-- Generated by org.testng.reporters.JUnitReportReporter -->
<testsuite hostname="Mujiayitis-MBP" failures="0" tests="1" name="selenium.practice.Nishan" time="19.266" errors="0" timestamp="2024-09-02T19:46:02 EDT" skipped="0">
  <testcase classname="selenium.practice.Nishan" name="navigateToAlliot" time="19.266"/>
</testsuite> <!-- selenium.practice.Nishan -->
