<?xml version="1.0" encoding="UTF-8"?>
<!-- Generated by org.testng.reporters.JUnitReportReporter -->
<testsuite hostname="Mujiayitis-MBP" failures="0" tests="1" name="selenium.practice.BrowserTab" time="36.068" errors="0" timestamp="2024-09-07T23:45:28 EDT" skipped="0">
  <testcase classname="selenium.practice.BrowserTab" name="multiTab" time="36.068"/>
</testsuite> <!-- selenium.practice.BrowserTab -->
