<?xml version="1.0" encoding="UTF-8"?>
<!-- Generated by org.testng.reporters.JUnitReportReporter -->
<testsuite hostname="Mujiayitis-MBP" failures="0" tests="1" name="selenium.practice.BrowserTab" time="34.298" errors="0" timestamp="2024-09-08T17:13:04 EDT" skipped="0">
  <testcase classname="selenium.practice.BrowserTab" name="multiTab" time="34.298"/>
</testsuite> <!-- selenium.practice.BrowserTab -->
