<?xml version="1.0" encoding="UTF-8"?>
<!-- Generated by org.testng.reporters.JUnitReportReporter -->
<testsuite hostname="Mujiayitis-MBP" failures="0" tests="1" name="selenium.practice.Google" time="17.474" errors="0" timestamp="2024-08-31T11:00:28 EDT" skipped="0">
  <testcase classname="selenium.practice.Google" name="backGroundColor" time="17.474"/>
</testsuite> <!-- selenium.practice.Google -->
