<?xml version="1.0" encoding="UTF-8"?>
<!-- Generated by org.testng.reporters.JUnitReportReporter -->
<testsuite hostname="Mujiayitis-MBP" failures="0" tests="1" name="selenium.practice.Google" time="32.121" errors="0" timestamp="2024-09-03T08:39:24 EDT" skipped="0">
  <testcase classname="selenium.practice.Google" name="backGroundColor" time="32.121"/>
</testsuite> <!-- selenium.practice.Google -->
